16:54:35.499 [main] ERROR publicisSapient.helper.listeners.Listeners - verifyLogin Test Failed..java.lang.AssertionError: expected [fail] but found [pass]
16:54:35.825 [main] INFO  publicisSapient.helper.testBase.TestBase - **************verifyLoginFinished***************
16:54:35.848 [main] INFO  publicisSapient.helper.testBase.TestBase - **************verifyLoginStarted***************
16:54:35.849 [main] INFO  publicisSapient.helper.listeners.Listeners - verifyLogin Test Started..
16:54:37.006 [main] INFO  publicisSapient.helper.WaitHelper - WaitHelper object created..
16:54:37.266 [main] INFO  publicisSapient.helper.testBase.TestBase - capturing ui navigation screen for title...QA Click Academy | Selenium,Jmeter,SoapUI,Appium,Database testing,QA Training Academy
16:54:37.281 [main] INFO  publicisSapient.helper.JavaScriptHelper - JavaScriptHelper has been initialized
16:54:37.896 [main] INFO  publicisSapient.helper.JavaScriptHelper - JavaScriptHelper has been initialized
16:54:38.004 [main] INFO  publicisSapient.helper.WaitHelper - WaitHelper object created..
16:54:38.138 [main] INFO  publicisSapient.helper.testBase.TestBase - capturing ui navigation screen for title...QA Click Academy | Selenium,Jmeter,SoapUI,Appium,Database testing,QA Training Academy
16:54:38.172 [main] INFO  publicisSapient.helper.JavaScriptHelper - JavaScriptHelper has been initialized
16:54:38.701 [main] INFO  publicisSapient.helper.JavaScriptHelper - JavaScriptHelper has been initialized
16:54:38.710 [main] INFO  publicisSapient.testScripts.HomePageTest - Navigated to homepage
16:55:08.739 [main] INFO  publicisSapient.pageObjects.LandingPage - Pop up not displayed and step skipped
16:55:12.839 [main] INFO  publicisSapient.pageObjects.LandingPage - Login option is clicked
16:55:14.940 [main] INFO  publicisSapient.pageObjects.LandingPage - fail
16:55:14.943 [main] ERROR publicisSapient.helper.listeners.Listeners - verifyLogin Test Failed..java.lang.AssertionError: expected [true] but found [false]
16:55:15.354 [main] INFO  publicisSapient.helper.testBase.TestBase - **************verifyLoginFinished***************
16:55:15.392 [main] INFO  publicisSapient.helper.testBase.TestBase - **************verifyLoginStarted***************
16:55:15.393 [main] INFO  publicisSapient.helper.listeners.Listeners - verifyLogin Test Started..
16:55:16.940 [main] INFO  publicisSapient.helper.WaitHelper - WaitHelper object created..
16:55:17.011 [main] INFO  publicisSapient.helper.testBase.TestBase - capturing ui navigation screen for title...QA Click Academy | Selenium,Jmeter,SoapUI,Appium,Database testing,QA Training Academy
16:55:17.038 [main] INFO  publicisSapient.helper.JavaScriptHelper - JavaScriptHelper has been initialized
16:55:17.781 [main] INFO  publicisSapient.helper.JavaScriptHelper - JavaScriptHelper has been initialized
16:55:18.119 [main] INFO  publicisSapient.helper.WaitHelper - WaitHelper object created..
16:55:18.338 [main] INFO  publicisSapient.helper.testBase.TestBase - capturing ui navigation screen for title...QA Click Academy | Selenium,Jmeter,SoapUI,Appium,Database testing,QA Training Academy
16:55:18.345 [main] INFO  publicisSapient.helper.JavaScriptHelper - JavaScriptHelper has been initialized
16:55:18.924 [main] INFO  publicisSapient.helper.JavaScriptHelper - JavaScriptHelper has been initialized
16:55:18.956 [main] INFO  publicisSapient.testScripts.HomePageTest - Navigated to homepage
16:55:49.025 [main] INFO  publicisSapient.pageObjects.LandingPage - Pop up not displayed and step skipped
16:55:56.764 [main] INFO  publicisSapient.pageObjects.LandingPage - Login option is clicked
16:56:05.864 [main] INFO  publicisSapient.pageObjects.LandingPage - pass
16:56:06.170 [main] INFO  publicisSapient.testScripts.HomePageTest - Credentials are passed
16:56:06.172 [main] ERROR publicisSapient.helper.listeners.Listeners - verifyLogin Test Failed..java.lang.AssertionError: expected [fail] but found [pass]
16:56:07.006 [main] INFO  publicisSapient.helper.testBase.TestBase - **************verifyLoginFinished***************
16:56:07.035 [main] INFO  publicisSapient.helper.testBase.TestBase - **************verifyLoginStarted***************
16:56:07.037 [main] INFO  publicisSapient.helper.listeners.Listeners - verifyLogin Test Started..
16:56:08.897 [main] INFO  publicisSapient.helper.WaitHelper - WaitHelper object created..
16:56:08.912 [main] INFO  publicisSapient.helper.testBase.TestBase - capturing ui navigation screen for title...QA Click Academy | Selenium,Jmeter,SoapUI,Appium,Database testing,QA Training Academy
16:56:08.947 [main] INFO  publicisSapient.helper.JavaScriptHelper - JavaScriptHelper has been initialized
16:56:09.827 [main] INFO  publicisSapient.helper.JavaScriptHelper - JavaScriptHelper has been initialized
16:56:09.917 [main] INFO  publicisSapient.helper.WaitHelper - WaitHelper object created..
16:56:09.981 [main] INFO  publicisSapient.helper.testBase.TestBase - capturing ui navigation screen for title...QA Click Academy | Selenium,Jmeter,SoapUI,Appium,Database testing,QA Training Academy
16:56:10.003 [main] INFO  publicisSapient.helper.JavaScriptHelper - JavaScriptHelper has been initialized
16:56:10.532 [main] INFO  publicisSapient.helper.JavaScriptHelper - JavaScriptHelper has been initialized
16:56:10.579 [main] INFO  publicisSapient.testScripts.HomePageTest - Navigated to homepage
16:56:40.630 [main] INFO  publicisSapient.pageObjects.LandingPage - Pop up not displayed and step skipped
16:56:44.258 [main] INFO  publicisSapient.pageObjects.LandingPage - Login option is clicked
16:56:48.022 [main] INFO  publicisSapient.pageObjects.LandingPage - fail
16:56:48.024 [main] ERROR publicisSapient.helper.listeners.Listeners - verifyLogin Test Failed..java.lang.AssertionError: expected [true] but found [false]
16:56:48.406 [main] INFO  publicisSapient.helper.testBase.TestBase - **************verifyLoginFinished***************
16:56:49.784 [main] INFO  publicisSapient.helper.listeners.Listeners - Regression Test for Class 1 Test Finished..
16:56:49.788 [main] INFO  publicisSapient.helper.listeners.Listeners - Regression Test for Class 3 Class Started..
16:56:52.333 [main] INFO  publicisSapient.helper.testBase.TestBase - Initialize Web driver: 1065713160
16:56:52.334 [main] INFO  publicisSapient.helper.WaitHelper - WaitHelper object created..
16:56:52.334 [main] INFO  publicisSapient.helper.WaitHelper - Implicit Wait has been set to: 30
16:56:52.340 [main] INFO  publicisSapient.helper.WaitHelper - waiting for page to load for : SECONDS seconds
16:56:52.362 [main] INFO  publicisSapient.helper.WaitHelper -  page is loaded
16:56:53.537 [main] INFO  publicisSapient.helper.testBase.TestBase - **************VerifyTitleHeaderStarted***************
16:56:53.541 [main] INFO  publicisSapient.helper.listeners.Listeners - VerifyTitleHeader Test Started..
16:56:57.508 [main] INFO  publicisSapient.helper.WaitHelper - WaitHelper object created..
16:56:57.515 [main] INFO  publicisSapient.helper.testBase.TestBase - capturing ui navigation screen for title...QA Click Academy | Selenium,Jmeter,SoapUI,Appium,Database testing,QA Training Academy
16:56:57.524 [main] INFO  publicisSapient.helper.JavaScriptHelper - JavaScriptHelper has been initialized
16:56:58.289 [main] INFO  publicisSapient.helper.JavaScriptHelper - JavaScriptHelper has been initialized
16:56:58.298 [main] INFO  publicisSapient.helper.WaitHelper - WaitHelper object created..
16:56:58.327 [main] INFO  publicisSapient.helper.testBase.TestBase - capturing ui navigation screen for title...QA Click Academy | Selenium,Jmeter,SoapUI,Appium,Database testing,QA Training Academy
16:56:58.341 [main] INFO  publicisSapient.helper.JavaScriptHelper - JavaScriptHelper has been initialized
16:56:58.942 [main] INFO  publicisSapient.helper.JavaScriptHelper - JavaScriptHelper has been initialized
16:57:06.935 [main] INFO  publicisSapient.pageObjects.LandingPage - Pop up displayed and closed
16:57:13.756 [main] INFO  publicisSapient.pageObjects.LandingPage - Login option is clicked
16:57:15.714 [main] INFO  publicisSapient.pageObjects.LandingPage - waste
16:57:15.717 [main] ERROR publicisSapient.helper.listeners.Listeners - VerifyTitleHeader Test Failed..java.lang.AssertionError: expected [true] but found [false]
16:57:16.739 [main] INFO  publicisSapient.helper.testBase.TestBase - **************VerifyTitleHeaderFinished***************
16:57:17.719 [main] INFO  publicisSapient.helper.listeners.Listeners - Regression Test for Class 3 Test Finished..
16:57:17.719 [main] INFO  publicisSapient.helper.listeners.Listeners - Regression Test for Class 2 Class Started..
16:57:20.447 [main] INFO  publicisSapient.helper.testBase.TestBase - Initialize Web driver: 1374115999
16:57:20.447 [main] INFO  publicisSapient.helper.WaitHelper - WaitHelper object created..
16:57:20.447 [main] INFO  publicisSapient.helper.WaitHelper - Implicit Wait has been set to: 30
16:57:20.453 [main] INFO  publicisSapient.helper.WaitHelper - waiting for page to load for : SECONDS seconds
16:57:20.471 [main] INFO  publicisSapient.helper.WaitHelper -  page is loaded
16:57:21.604 [main] INFO  publicisSapient.helper.testBase.TestBase - **************verifyNavBarIsPresentStarted***************
16:57:21.605 [main] INFO  publicisSapient.helper.listeners.Listeners - verifyNavBarIsPresent Test Started..
16:57:24.428 [main] INFO  publicisSapient.helper.WaitHelper - WaitHelper object created..
16:57:24.501 [main] INFO  publicisSapient.helper.testBase.TestBase - capturing ui navigation screen for title...QA Click Academy | Selenium,Jmeter,SoapUI,Appium,Database testing,QA Training Academy
16:57:24.544 [main] INFO  publicisSapient.helper.JavaScriptHelper - JavaScriptHelper has been initialized
16:57:25.270 [main] INFO  publicisSapient.helper.JavaScriptHelper - JavaScriptHelper has been initialized
16:57:55.367 [main] INFO  publicisSapient.pageObjects.LandingPage - Pop up not displayed and step skipped
