20:01:24.819 [main] INFO  publicisSapient.helper.listeners.Listeners - Smoke Test Class 2 Class Started..
20:01:45.569 [main] INFO  publicisSapient.helper.testBase.TestBase - Initialize Web driver: 1430199669
20:01:45.575 [main] INFO  publicisSapient.helper.WaitHelper - WaitHelper object created..
20:01:45.575 [main] INFO  publicisSapient.helper.WaitHelper - Implicit Wait has been set to: 10
20:01:45.608 [main] INFO  publicisSapient.helper.WaitHelper - waiting for page to load for : SECONDS seconds
20:01:45.834 [main] INFO  publicisSapient.helper.WaitHelper -  page is loaded
20:01:45.863 [main] INFO  publicisSapient.helper.testBase.TestBase - **************VerifyTitleHeaderStarted***************
20:01:45.869 [main] INFO  publicisSapient.helper.listeners.Listeners - VerifyTitleHeader Test Started..
20:01:55.974 [main] ERROR publicisSapient.helper.listeners.Listeners - VerifyTitleHeader Test Failed..org.openqa.selenium.TimeoutException: timeout
  (Session info: chrome=66.0.3359.158)
  (Driver info: chromedriver=2.39.562718 (9a2698cba08cf5a471a29d30c8b3e12becabb0e9),platform=Windows NT 10.0.17134 x86_64)
Build info: version: '3.141.59', revision: 'e82be7d358', time: '2018-11-14T08:17:03'
System info: host: 'WKWIN6024718', ip: '192.168.31.244', os.name: 'Windows 10', os.arch: 'amd64', os.version: '10.0', java.version: '1.8.0_251'
Driver info: io.appium.java_client.AppiumDriver
Capabilities {appActivity: com.google.android.apps.chr..., appPackage: com.android.chrome, browserName: Chrome, chromedriverExecutable: C:\Users\anujakho\Desktop\G..., databaseEnabled: false, desired: {browserName: Chrome, chromedriverExecutable: C:\Users\anujakho\Desktop\G..., deviceName: Demo, platformName: android, platformVersion: 9.0}, deviceApiLevel: 28, deviceManufacturer: Google, deviceModel: Android SDK built for x86, deviceName: emulator-5554, deviceScreenDensity: 400, deviceScreenSize: 1080x2160, deviceUDID: emulator-5554, javascriptEnabled: true, locationContextEnabled: false, networkConnectionEnabled: true, pixelRatio: 2.5, platform: LINUX, platformName: Android, platformVersion: 9, statBarHeight: 60, takesScreenshot: true, viewportRect: {height: 1980, left: 0, top: 60, width: 1080}, warnings: {}, webStorageEnabled: false}
Session ID: 11516745-3502-49ca-a9eb-d7f746d8222a
20:01:55.978 [main] INFO  publicisSapient.helper.testBase.TestBase - Screenshot started for mobile
20:02:06.177 [main] INFO  publicisSapient.helper.listeners.Listeners - Smoke Test Class 2 Test Finished..
20:02:06.181 [main] INFO  publicisSapient.helper.listeners.Listeners - Smoke Test Class 1 Class Started..
20:02:31.881 [main] INFO  publicisSapient.helper.testBase.TestBase - Initialize Web driver: 677217562
20:02:31.882 [main] INFO  publicisSapient.helper.WaitHelper - WaitHelper object created..
20:02:31.882 [main] INFO  publicisSapient.helper.WaitHelper - Implicit Wait has been set to: 10
20:02:31.908 [main] INFO  publicisSapient.helper.WaitHelper - waiting for page to load for : SECONDS seconds
20:02:32.132 [main] INFO  publicisSapient.helper.WaitHelper -  page is loaded
20:02:32.139 [main] INFO  publicisSapient.helper.testBase.TestBase - **************verifyNavBarIsPresentStarted***************
20:02:32.142 [main] INFO  publicisSapient.helper.listeners.Listeners - verifyNavBarIsPresent Test Started..
20:02:42.244 [main] ERROR publicisSapient.helper.listeners.Listeners - verifyNavBarIsPresent Test Failed..org.openqa.selenium.TimeoutException: timeout
  (Session info: chrome=66.0.3359.158)
  (Driver info: chromedriver=2.39.562718 (9a2698cba08cf5a471a29d30c8b3e12becabb0e9),platform=Windows NT 10.0.17134 x86_64)
Build info: version: '3.141.59', revision: 'e82be7d358', time: '2018-11-14T08:17:03'
System info: host: 'WKWIN6024718', ip: '192.168.31.244', os.name: 'Windows 10', os.arch: 'amd64', os.version: '10.0', java.version: '1.8.0_251'
Driver info: io.appium.java_client.AppiumDriver
Capabilities {appActivity: com.google.android.apps.chr..., appPackage: com.android.chrome, browserName: Chrome, chromedriverExecutable: C:\Users\anujakho\Desktop\G..., databaseEnabled: false, desired: {browserName: Chrome, chromedriverExecutable: C:\Users\anujakho\Desktop\G..., deviceName: Demo, platformName: android, platformVersion: 9.0}, deviceApiLevel: 28, deviceManufacturer: Google, deviceModel: Android SDK built for x86, deviceName: emulator-5554, deviceScreenDensity: 400, deviceScreenSize: 1080x2160, deviceUDID: emulator-5554, javascriptEnabled: true, locationContextEnabled: false, networkConnectionEnabled: true, pixelRatio: 2.5, platform: LINUX, platformName: Android, platformVersion: 9, statBarHeight: 60, takesScreenshot: true, viewportRect: {height: 1980, left: 0, top: 60, width: 1080}, warnings: {}, webStorageEnabled: false}
Session ID: 5429b0a5-298a-43e9-bc2b-62bda970dbbf
20:02:42.247 [main] INFO  publicisSapient.helper.testBase.TestBase - Screenshot started for mobile
20:02:52.438 [main] INFO  publicisSapient.helper.listeners.Listeners - Smoke Test Class 1 Test Finished..
20:04:07.601 [main] INFO  publicisSapient.helper.listeners.Listeners - Smoke Test Class 2 Class Started..
20:04:37.839 [main] INFO  publicisSapient.helper.testBase.TestBase - Initialize Web driver: 1269773610
20:04:37.845 [main] INFO  publicisSapient.helper.WaitHelper - WaitHelper object created..
20:04:37.845 [main] INFO  publicisSapient.helper.WaitHelper - Implicit Wait has been set to: 10
20:04:37.881 [main] INFO  publicisSapient.helper.WaitHelper - waiting for page to load for : SECONDS seconds
20:04:38.125 [main] INFO  publicisSapient.helper.WaitHelper -  page is loaded
20:04:38.162 [main] INFO  publicisSapient.helper.testBase.TestBase - **************VerifyTitleHeaderStarted***************
20:04:38.173 [main] INFO  publicisSapient.helper.listeners.Listeners - VerifyTitleHeader Test Started..
20:04:46.221 [main] INFO  publicisSapient.helper.WaitHelper - WaitHelper object created..
20:04:46.221 [main] INFO  publicisSapient.helper.testBase.TestBase - capturing ui navigation screen...
20:04:46.223 [main] INFO  publicisSapient.helper.JavaScriptHelper - JavaScriptHelper has been initialized
20:04:46.536 [main] INFO  publicisSapient.helper.testBase.TestBase - Screenshot started for mobile
20:12:46.668 [main] ERROR publicisSapient.helper.listeners.Listeners - VerifyTitleHeader Test Failed..org.openqa.selenium.WebDriverException: An unknown server-side error occurred while processing the command. Original error: Could not proxy. Proxy error: Could not proxy command to remote server. Original error: Error: ESOCKETTIMEDOUT
Build info: version: '3.141.59', revision: 'e82be7d358', time: '2018-11-14T08:17:03'
System info: host: 'WKWIN6024718', ip: '192.168.31.244', os.name: 'Windows 10', os.arch: 'amd64', os.version: '10.0', java.version: '1.8.0_251'
Driver info: io.appium.java_client.AppiumDriver
Capabilities {appActivity: com.google.android.apps.chr..., appPackage: com.android.chrome, browserName: Chrome, chromedriverExecutable: C:\Users\anujakho\Desktop\G..., databaseEnabled: false, desired: {browserName: Chrome, chromedriverExecutable: C:\Users\anujakho\Desktop\G..., deviceName: Demo, platformName: android, platformVersion: 9.0}, deviceApiLevel: 28, deviceManufacturer: Google, deviceModel: Android SDK built for x86, deviceName: emulator-5554, deviceScreenDensity: 400, deviceScreenSize: 1080x2160, deviceUDID: emulator-5554, javascriptEnabled: true, locationContextEnabled: false, networkConnectionEnabled: true, pixelRatio: 2.5, platform: LINUX, platformName: Android, platformVersion: 9, statBarHeight: 60, takesScreenshot: true, viewportRect: {height: 1980, left: 0, top: 60, width: 1080}, warnings: {}, webStorageEnabled: false}
Session ID: 48fe3791-99e1-405d-99ac-f7c5dca84c5d
20:12:46.673 [main] INFO  publicisSapient.helper.testBase.TestBase - Screenshot started for mobile
20:20:46.800 [main] INFO  publicisSapient.helper.listeners.Listeners - Smoke Test Class 2 Test Finished..
20:20:46.804 [main] INFO  publicisSapient.helper.listeners.Listeners - Smoke Test Class 1 Class Started..
20:21:15.173 [main] INFO  publicisSapient.helper.testBase.TestBase - Initialize Web driver: 855547146
20:21:15.173 [main] INFO  publicisSapient.helper.WaitHelper - WaitHelper object created..
20:21:15.173 [main] INFO  publicisSapient.helper.WaitHelper - Implicit Wait has been set to: 10
20:21:15.198 [main] INFO  publicisSapient.helper.WaitHelper - waiting for page to load for : SECONDS seconds
20:21:15.441 [main] INFO  publicisSapient.helper.WaitHelper -  page is loaded
20:21:15.443 [main] INFO  publicisSapient.helper.testBase.TestBase - **************verifyNavBarIsPresentStarted***************
20:21:15.445 [main] INFO  publicisSapient.helper.listeners.Listeners - verifyNavBarIsPresent Test Started..
20:21:25.517 [main] ERROR publicisSapient.helper.listeners.Listeners - verifyNavBarIsPresent Test Failed..org.openqa.selenium.TimeoutException: timeout
  (Session info: chrome=66.0.3359.158)
  (Driver info: chromedriver=2.39.562718 (9a2698cba08cf5a471a29d30c8b3e12becabb0e9),platform=Windows NT 10.0.17134 x86_64)
Build info: version: '3.141.59', revision: 'e82be7d358', time: '2018-11-14T08:17:03'
System info: host: 'WKWIN6024718', ip: '192.168.31.244', os.name: 'Windows 10', os.arch: 'amd64', os.version: '10.0', java.version: '1.8.0_251'
Driver info: io.appium.java_client.AppiumDriver
Capabilities {appActivity: com.google.android.apps.chr..., appPackage: com.android.chrome, browserName: Chrome, chromedriverExecutable: C:\Users\anujakho\Desktop\G..., databaseEnabled: false, desired: {browserName: Chrome, chromedriverExecutable: C:\Users\anujakho\Desktop\G..., deviceName: Demo, platformName: android, platformVersion: 9.0}, deviceApiLevel: 28, deviceManufacturer: Google, deviceModel: Android SDK built for x86, deviceName: emulator-5554, deviceScreenDensity: 400, deviceScreenSize: 1080x2160, deviceUDID: emulator-5554, javascriptEnabled: true, locationContextEnabled: false, networkConnectionEnabled: true, pixelRatio: 2.5, platform: LINUX, platformName: Android, platformVersion: 9, statBarHeight: 60, takesScreenshot: true, viewportRect: {height: 1980, left: 0, top: 60, width: 1080}, warnings: {}, webStorageEnabled: false}
Session ID: c54699c3-9baa-461d-85d4-4788bc2bba18
