11:09:35.105 [main] INFO  publicisSapient.helper.testBase.TestBase - **************verifyNavBarIsPresentFinished***************
11:09:36.059 [main] INFO  publicisSapient.helper.listeners.Listeners - Regression Test for Class 2 Test Finished..
11:17:59.828 [main] INFO  publicisSapient.helper.listeners.Listeners - Smoke Test Class 2 Class Started..
11:18:18.106 [main] INFO  publicisSapient.helper.testBase.TestBase - Initialize Web driver: 1269773610
11:18:18.109 [main] INFO  publicisSapient.helper.WaitHelper - WaitHelper object created..
11:18:18.109 [main] INFO  publicisSapient.helper.WaitHelper - Implicit Wait has been set to: 10
11:18:18.150 [main] INFO  publicisSapient.helper.WaitHelper - waiting for page to load for : SECONDS seconds
11:18:18.496 [main] INFO  publicisSapient.helper.WaitHelper -  page is loaded
11:18:18.532 [main] INFO  publicisSapient.helper.testBase.TestBase - **************VerifyTitleHeaderStarted***************
11:18:18.541 [main] INFO  publicisSapient.helper.listeners.Listeners - VerifyTitleHeader Test Started..
11:18:28.624 [main] ERROR publicisSapient.helper.listeners.Listeners - VerifyTitleHeader Test Failed..org.openqa.selenium.TimeoutException: timeout
  (Session info: chrome=66.0.3359.158)
  (Driver info: chromedriver=2.39.562718 (9a2698cba08cf5a471a29d30c8b3e12becabb0e9),platform=Windows NT 10.0.17134 x86_64)
Build info: version: '3.141.59', revision: 'e82be7d358', time: '2018-11-14T08:17:03'
System info: host: 'WKWIN6024718', ip: '192.168.31.244', os.name: 'Windows 10', os.arch: 'amd64', os.version: '10.0', java.version: '1.8.0_251'
Driver info: io.appium.java_client.AppiumDriver
Capabilities {appActivity: com.google.android.apps.chr..., appPackage: com.android.chrome, browserName: Chrome, chromedriverExecutable: C:\Users\anujakho\Desktop\G..., databaseEnabled: false, desired: {browserName: Chrome, chromedriverExecutable: C:\Users\anujakho\Desktop\G..., deviceName: Demo, platformName: android, platformVersion: 9.0}, deviceApiLevel: 28, deviceManufacturer: Google, deviceModel: Android SDK built for x86, deviceName: emulator-5554, deviceScreenDensity: 400, deviceScreenSize: 1080x2220, deviceUDID: emulator-5554, javascriptEnabled: true, locationContextEnabled: false, networkConnectionEnabled: true, pixelRatio: 2.5, platform: LINUX, platformName: Android, platformVersion: 9, statBarHeight: 60, takesScreenshot: true, viewportRect: {height: 2040, left: 0, top: 60, width: 1080}, warnings: {}, webStorageEnabled: false}
Session ID: af4aa989-2dbb-4a8a-98cd-e563a6e5b01a
11:18:28.630 [main] INFO  publicisSapient.helper.testBase.TestBase - Screenshot started for mobile
11:18:28.630 [main] INFO  publicisSapient.helper.testBase.TestBase - Screenshot taken for mobile
11:18:28.662 [main] INFO  publicisSapient.helper.testBase.TestBase - **************VerifyTitleHeaderFinished***************
11:18:34.707 [main] INFO  publicisSapient.helper.listeners.Listeners - Smoke Test Class 2 Test Finished..
11:18:34.712 [main] INFO  publicisSapient.helper.listeners.Listeners - Smoke Test Class 1 Class Started..
11:18:57.386 [main] INFO  publicisSapient.helper.testBase.TestBase - Initialize Web driver: 1604616170
11:18:57.387 [main] INFO  publicisSapient.helper.WaitHelper - WaitHelper object created..
11:18:57.387 [main] INFO  publicisSapient.helper.WaitHelper - Implicit Wait has been set to: 10
11:18:57.415 [main] INFO  publicisSapient.helper.WaitHelper - waiting for page to load for : SECONDS seconds
11:18:57.806 [main] INFO  publicisSapient.helper.WaitHelper -  page is loaded
11:18:57.808 [main] INFO  publicisSapient.helper.testBase.TestBase - **************verifyNavBarIsPresentStarted***************
11:18:57.811 [main] INFO  publicisSapient.helper.listeners.Listeners - verifyNavBarIsPresent Test Started..
11:19:07.880 [main] ERROR publicisSapient.helper.listeners.Listeners - verifyNavBarIsPresent Test Failed..org.openqa.selenium.TimeoutException: timeout
  (Session info: chrome=66.0.3359.158)
  (Driver info: chromedriver=2.39.562718 (9a2698cba08cf5a471a29d30c8b3e12becabb0e9),platform=Windows NT 10.0.17134 x86_64)
Build info: version: '3.141.59', revision: 'e82be7d358', time: '2018-11-14T08:17:03'
System info: host: 'WKWIN6024718', ip: '192.168.31.244', os.name: 'Windows 10', os.arch: 'amd64', os.version: '10.0', java.version: '1.8.0_251'
Driver info: io.appium.java_client.AppiumDriver
Capabilities {appActivity: com.google.android.apps.chr..., appPackage: com.android.chrome, browserName: Chrome, chromedriverExecutable: C:\Users\anujakho\Desktop\G..., databaseEnabled: false, desired: {browserName: Chrome, chromedriverExecutable: C:\Users\anujakho\Desktop\G..., deviceName: Demo, platformName: android, platformVersion: 9.0}, deviceApiLevel: 28, deviceManufacturer: Google, deviceModel: Android SDK built for x86, deviceName: emulator-5554, deviceScreenDensity: 400, deviceScreenSize: 1080x2220, deviceUDID: emulator-5554, javascriptEnabled: true, locationContextEnabled: false, networkConnectionEnabled: true, pixelRatio: 2.5, platform: LINUX, platformName: Android, platformVersion: 9, statBarHeight: 60, takesScreenshot: true, viewportRect: {height: 2040, left: 0, top: 60, width: 1080}, warnings: {}, webStorageEnabled: false}
Session ID: b1f6fd8c-6652-492a-b373-38bb47917751
11:19:07.883 [main] INFO  publicisSapient.helper.testBase.TestBase - Screenshot started for mobile
11:19:07.883 [main] INFO  publicisSapient.helper.testBase.TestBase - Screenshot taken for mobile
11:19:07.890 [main] INFO  publicisSapient.helper.testBase.TestBase - **************verifyNavBarIsPresentFinished***************
11:19:10.878 [main] INFO  publicisSapient.helper.listeners.Listeners - Smoke Test Class 1 Test Finished..
11:20:20.466 [main] INFO  publicisSapient.helper.listeners.Listeners - Smoke Test Class 2 Class Started..
11:20:38.112 [main] INFO  publicisSapient.helper.testBase.TestBase - Initialize Web driver: 1269773610
11:20:38.115 [main] INFO  publicisSapient.helper.WaitHelper - WaitHelper object created..
11:20:38.115 [main] INFO  publicisSapient.helper.WaitHelper - Implicit Wait has been set to: 30
11:20:38.147 [main] INFO  publicisSapient.helper.WaitHelper - waiting for page to load for : SECONDS seconds
11:20:38.494 [main] INFO  publicisSapient.helper.WaitHelper -  page is loaded
11:20:38.514 [main] INFO  publicisSapient.helper.testBase.TestBase - **************VerifyTitleHeaderStarted***************
11:20:38.521 [main] INFO  publicisSapient.helper.listeners.Listeners - VerifyTitleHeader Test Started..
11:21:04.146 [main] INFO  publicisSapient.helper.WaitHelper - WaitHelper object created..
11:21:04.147 [main] INFO  publicisSapient.helper.testBase.TestBase - capturing ui navigation screen...
11:21:04.148 [main] INFO  publicisSapient.helper.JavaScriptHelper - JavaScriptHelper has been initialized
11:21:04.793 [main] INFO  publicisSapient.helper.testBase.TestBase - Screenshot started for mobile
11:21:04.794 [main] INFO  publicisSapient.helper.testBase.TestBase - Screenshot taken for mobile
11:21:04.811 [main] INFO  publicisSapient.helper.JavaScriptHelper - JavaScriptHelper has been initialized
11:21:15.923 [main] INFO  publicisSapient.pageObjects.LandingPage - Pop up displayed and closed
11:21:47.262 [main] ERROR publicisSapient.helper.listeners.Listeners - VerifyTitleHeader Test Failed..org.openqa.selenium.TimeoutException: timeout
  (Session info: chrome=66.0.3359.158)
  (Driver info: chromedriver=2.39.562718 (9a2698cba08cf5a471a29d30c8b3e12becabb0e9),platform=Windows NT 10.0.17134 x86_64)
Build info: version: '3.141.59', revision: 'e82be7d358', time: '2018-11-14T08:17:03'
System info: host: 'WKWIN6024718', ip: '192.168.31.244', os.name: 'Windows 10', os.arch: 'amd64', os.version: '10.0', java.version: '1.8.0_251'
Driver info: io.appium.java_client.AppiumDriver
Capabilities {appActivity: com.google.android.apps.chr..., appPackage: com.android.chrome, browserName: Chrome, chromedriverExecutable: C:\Users\anujakho\Desktop\G..., databaseEnabled: false, desired: {browserName: Chrome, chromedriverExecutable: C:\Users\anujakho\Desktop\G..., deviceName: Demo, platformName: android, platformVersion: 9.0}, deviceApiLevel: 28, deviceManufacturer: Google, deviceModel: Android SDK built for x86, deviceName: emulator-5554, deviceScreenDensity: 400, deviceScreenSize: 1080x2220, deviceUDID: emulator-5554, javascriptEnabled: true, locationContextEnabled: false, networkConnectionEnabled: true, pixelRatio: 2.5, platform: LINUX, platformName: Android, platformVersion: 9, statBarHeight: 60, takesScreenshot: true, viewportRect: {height: 2040, left: 0, top: 60, width: 1080}, warnings: {}, webStorageEnabled: false}
Session ID: a22fd510-df68-48b8-a6e8-8f005198cc8a
11:21:47.269 [main] INFO  publicisSapient.helper.testBase.TestBase - Screenshot started for mobile
11:21:47.269 [main] INFO  publicisSapient.helper.testBase.TestBase - Screenshot taken for mobile
11:21:47.287 [main] INFO  publicisSapient.helper.testBase.TestBase - **************VerifyTitleHeaderFinished***************
11:21:51.373 [main] INFO  publicisSapient.helper.listeners.Listeners - Smoke Test Class 2 Test Finished..
11:21:51.377 [main] INFO  publicisSapient.helper.listeners.Listeners - Smoke Test Class 1 Class Started..
11:22:12.514 [main] INFO  publicisSapient.helper.testBase.TestBase - Initialize Web driver: 37268876
11:22:12.514 [main] INFO  publicisSapient.helper.WaitHelper - WaitHelper object created..
11:22:12.514 [main] INFO  publicisSapient.helper.WaitHelper - Implicit Wait has been set to: 30
11:22:12.572 [main] INFO  publicisSapient.helper.WaitHelper - waiting for page to load for : SECONDS seconds
11:22:13.095 [main] INFO  publicisSapient.helper.WaitHelper -  page is loaded
11:22:13.097 [main] INFO  publicisSapient.helper.testBase.TestBase - **************verifyNavBarIsPresentStarted***************
11:22:13.100 [main] INFO  publicisSapient.helper.listeners.Listeners - verifyNavBarIsPresent Test Started..
11:22:43.151 [main] ERROR publicisSapient.helper.listeners.Listeners - verifyNavBarIsPresent Test Failed..org.openqa.selenium.TimeoutException: timeout
  (Session info: chrome=66.0.3359.158)
  (Driver info: chromedriver=2.39.562718 (9a2698cba08cf5a471a29d30c8b3e12becabb0e9),platform=Windows NT 10.0.17134 x86_64)
Build info: version: '3.141.59', revision: 'e82be7d358', time: '2018-11-14T08:17:03'
System info: host: 'WKWIN6024718', ip: '192.168.31.244', os.name: 'Windows 10', os.arch: 'amd64', os.version: '10.0', java.version: '1.8.0_251'
Driver info: io.appium.java_client.AppiumDriver
Capabilities {appActivity: com.google.android.apps.chr..., appPackage: com.android.chrome, browserName: Chrome, chromedriverExecutable: C:\Users\anujakho\Desktop\G..., databaseEnabled: false, desired: {browserName: Chrome, chromedriverExecutable: C:\Users\anujakho\Desktop\G..., deviceName: Demo, platformName: android, platformVersion: 9.0}, deviceApiLevel: 28, deviceManufacturer: Google, deviceModel: Android SDK built for x86, deviceName: emulator-5554, deviceScreenDensity: 400, deviceScreenSize: 1080x2220, deviceUDID: emulator-5554, javascriptEnabled: true, locationContextEnabled: false, networkConnectionEnabled: true, pixelRatio: 2.5, platform: LINUX, platformName: Android, platformVersion: 9, statBarHeight: 60, takesScreenshot: true, viewportRect: {height: 2040, left: 0, top: 60, width: 1080}, warnings: {}, webStorageEnabled: false}
Session ID: feb90c2e-6d74-42af-8c79-c524da225010
