<!DOCTYPE html PUBLIC "-//W3C//DTD XHTML 1.1//EN" "http://www.w3.org/TR/xhtml11/DTD/xhtml11.dtd">
<html xmlns="http://www.w3.org/1999/xhtml"><head><title>TestNG Report</title><style type="text/css">table {margin-bottom:10px;border-collapse:collapse;empty-cells:show}th,td {border:1px solid #009;padding:.25em .5em}th {vertical-align:bottom}td {vertical-align:top}table a {font-weight:bold}.stripe td {background-color: #E6EBF9}.num {text-align:right}.passedodd td {background-color: #3F3}.passedeven td {background-color: #0A0}.skippedodd td {background-color: #DDD}.skippedeven td {background-color: #CCC}.failedodd td,.attn {background-color: #F33}.failedeven td,.stripe .attn {background-color: #D00}.stacktrace {white-space:pre;font-family:monospace}.totop {font-size:85%;text-align:center;border-bottom:2px solid #000}</style></head><body><table><tr><th>Test</th><th># Passed</th><th># Skipped</th><th># Failed</th><th>Time (ms)</th><th>Included Groups</th><th>Excluded Groups</th></tr><tr><th colspan="7">Suite</th></tr><tr><td><a href="#t0">Smoke Test Class 2</a></td><td class="num">0</td><td class="num">0</td><td class="num attn">1</td><td class="num">79,787</td><td></td><td></td></tr><tr class="stripe"><td><a href="#t1">Smoke Test Class 1</a></td><td class="num">1</td><td class="num">0</td><td class="num">0</td><td class="num">39,067</td><td></td><td></td></tr><tr><th>Total</th><th class="num">1</th><th class="num">0</th><th class="num attn">1</th><th class="num">118,854</th><th colspan="2"></th></tr></table><table><thead><tr><th>Class</th><th>Method</th><th>Start</th><th>Time (ms)</th></tr></thead><tbody><tr><th colspan="4">Suite</th></tr></tbody><tbody id="t0"><tr><th colspan="4">Smoke Test Class 2 &#8212; failed</th></tr><tr class="failedeven"><td rowspan="1">publicisSapient.testScripts.VerifyTitleTest</td><td><a href="#m0">VerifyTitleHeader</a></td><td rowspan="1">1588830796769</td><td rowspan="1">73787</td></tr></tbody><tbody id="t1"><tr><th colspan="4">Smoke Test Class 1 &#8212; passed</th></tr><tr class="passedeven"><td rowspan="1">publicisSapient.testScripts.VerifyNavBarPresentTest</td><td><a href="#m1">verifyNavBarIsPresent</a></td><td rowspan="1">1588830875418</td><td rowspan="1">35177</td></tr></tbody></table><h2>Smoke Test Class 2</h2><h3 id="m0">publicisSapient.testScripts.VerifyTitleTest#VerifyTitleHeader</h3><table class="result"><tr><th>Messages</th></tr><tr><td><div class="messages">captureScreen method called<br/>&lt;a href=&apos;C:\Users\anujakho\Desktop\Gore Automation\GoreB2BAutomation\screenshots\blank_07_05_2020_11_23_19.png&apos;&gt;&lt;img src=&apos;C:\Users\anujakho\Desktop\Gore Automation\GoreB2BAutomation\screenshots\blank_07_05_2020_11_23_19.png&apos;height=&apos;100&apos; width=&apos;100&apos;/&gt;&lt;/a&gt;<br/>VerifyTitleHeader Test Failed..org.openqa.selenium.NoSuchElementException: no such element: Unable to locate element: {&quot;method&quot;:&quot;css selector&quot;,&quot;selector&quot;:&quot;asdfs&quot;}
  (Session info: chrome=81.0.4044.129)
For documentation on this error, please visit: https://www.seleniumhq.org/exceptions/no_such_element.html
Build info: version: &apos;3.141.59&apos;, revision: &apos;e82be7d358&apos;, time: &apos;2018-11-14T08:17:03&apos;
System info: host: &apos;WKWIN6024718&apos;, ip: &apos;192.168.31.244&apos;, os.name: &apos;Windows 10&apos;, os.arch: &apos;amd64&apos;, os.version: &apos;10.0&apos;, java.version: &apos;1.8.0_251&apos;
Driver info: org.openqa.selenium.chrome.ChromeDriver
Capabilities {acceptInsecureCerts: false, browserName: chrome, browserVersion: 81.0.4044.129, chrome: {chromedriverVersion: 81.0.4044.69 (6813546031a4b..., userDataDir: C:\Users\anujakho\AppData\L...}, goog:chromeOptions: {debuggerAddress: localhost:59853}, javascriptEnabled: true, networkConnectionEnabled: false, pageLoadStrategy: normal, platform: WINDOWS, platformName: WINDOWS, proxy: Proxy(), setWindowRect: true, strictFileInteractability: false, timeouts: {implicit: 0, pageLoad: 300000, script: 30000}, unhandledPromptBehavior: dismiss and notify, webauthn:virtualAuthenticators: true}
Session ID: b384e00d201930c9471b00a54f9b6cae
*** Element info: {Using=css selector, value=asdfs}</div></td></tr><tr><th>Exception</th></tr><tr><td><div class="stacktrace">org.openqa.selenium.NoSuchElementException: no such element: Unable to locate element: {&quot;method&quot;:&quot;css selector&quot;,&quot;selector&quot;:&quot;asdfs&quot;}
  (Session info: chrome=81.0.4044.129)
For documentation on this error, please visit: https://www.seleniumhq.org/exceptions/no_such_element.html
Build info: version: &apos;3.141.59&apos;, revision: &apos;e82be7d358&apos;, time: &apos;2018-11-14T08:17:03&apos;
System info: host: &apos;WKWIN6024718&apos;, ip: &apos;192.168.31.244&apos;, os.name: &apos;Windows 10&apos;, os.arch: &apos;amd64&apos;, os.version: &apos;10.0&apos;, java.version: &apos;1.8.0_251&apos;
Driver info: org.openqa.selenium.chrome.ChromeDriver
Capabilities {acceptInsecureCerts: false, browserName: chrome, browserVersion: 81.0.4044.129, chrome: {chromedriverVersion: 81.0.4044.69 (6813546031a4b..., userDataDir: C:\Users\anujakho\AppData\L...}, goog:chromeOptions: {debuggerAddress: localhost:59853}, javascriptEnabled: true, networkConnectionEnabled: false, pageLoadStrategy: normal, platform: WINDOWS, platformName: WINDOWS, proxy: Proxy(), setWindowRect: true, strictFileInteractability: false, timeouts: {implicit: 0, pageLoad: 300000, script: 30000}, unhandledPromptBehavior: dismiss and notify, webauthn:virtualAuthenticators: true}
Session ID: b384e00d201930c9471b00a54f9b6cae
*** Element info: {Using=css selector, value=asdfs}
	at org.openqa.selenium.remote.http.W3CHttpResponseCodec.createException(W3CHttpResponseCodec.java:187)
	at org.openqa.selenium.remote.http.W3CHttpResponseCodec.decode(W3CHttpResponseCodec.java:122)
	at org.openqa.selenium.remote.http.W3CHttpResponseCodec.decode(W3CHttpResponseCodec.java:49)
	at org.openqa.selenium.remote.HttpCommandExecutor.execute(HttpCommandExecutor.java:158)
	at org.openqa.selenium.remote.service.DriverCommandExecutor.execute(DriverCommandExecutor.java:83)
	at org.openqa.selenium.remote.RemoteWebDriver.execute(RemoteWebDriver.java:552)
	at org.openqa.selenium.remote.RemoteWebDriver.findElement(RemoteWebDriver.java:323)
	at org.openqa.selenium.remote.RemoteWebDriver.findElementByCssSelector(RemoteWebDriver.java:420)
	at org.openqa.selenium.By$ByCssSelector.findElement(By.java:431)
	at org.openqa.selenium.remote.RemoteWebDriver.findElement(RemoteWebDriver.java:315)
	at org.openqa.selenium.support.pagefactory.DefaultElementLocator.findElement(DefaultElementLocator.java:69)
	at org.openqa.selenium.support.pagefactory.internal.LocatingElementHandler.invoke(LocatingElementHandler.java:38)
	at com.sun.proxy.$Proxy28.click(Unknown Source)
	at publicisSapient.pageObjects.LoginPage.toFail(LoginPage.java:43)
	at publicisSapient.testScripts.VerifyTitleTest.VerifyTitleHeader(VerifyTitleTest.java:33)
... Removed 28 stack frames</div></td></tr></table><p class="totop"><a href="#summary">back to summary</a></p><h2>Smoke Test Class 1</h2><h3 id="m1">publicisSapient.testScripts.VerifyNavBarPresentTest#verifyNavBarIsPresent</h3><table class="result"><tr><th>Messages</th></tr><tr><td><div class="messages">captureScreen method called<br/>&lt;a href=&apos;C:\Users\anujakho\Desktop\Gore Automation\GoreB2BAutomation\screenshots\blank_07_05_2020_11_24_39.png&apos;&gt;&lt;img src=&apos;C:\Users\anujakho\Desktop\Gore Automation\GoreB2BAutomation\screenshots\blank_07_05_2020_11_24_39.png&apos;height=&apos;100&apos; width=&apos;100&apos;/&gt;&lt;/a&gt;<br/>verifyNavBarIsPresent Test Passed..</div></td></tr></table><p class="totop"><a href="#summary">back to summary</a></p></body></html>