<h2>Reporter output</h2><table><tr><td>Regression Test for Class 1 Class Started..</td></tr>
<tr><td>verifyLogin Test Started..</td></tr>
<tr><td>captureScreen method called</td></tr>
<tr><td><a href='C:\Users\anujakho\Desktop\Gore Automation\GoreB2BAutomation\screenshots\blank_07_05_2020_11_02_51.png'><img src='C:\Users\anujakho\Desktop\Gore Automation\GoreB2BAutomation\screenshots\blank_07_05_2020_11_02_51.png'height='100' width='100'/></a></td></tr>
<tr><td>verifyLogin Test Failed..org.openqa.selenium.NoSuchElementException: no such element: Unable to locate element: {"method":"css selector","selector":"[id='user_email']"}
  (Session info: headless chrome=81.0.4044.129)
For documentation on this error, please visit: https://www.seleniumhq.org/exceptions/no_such_element.html
Build info: version: '3.141.59', revision: 'e82be7d358', time: '2018-11-14T08:17:03'
System info: host: 'WKWIN6024718', ip: '192.168.31.244', os.name: 'Windows 10', os.arch: 'amd64', os.version: '10.0', java.version: '1.8.0_171'
Driver info: org.openqa.selenium.chrome.ChromeDriver
Capabilities {acceptInsecureCerts: false, browserName: chrome, browserVersion: 81.0.4044.129, chrome: {chromedriverVersion: 81.0.4044.69 (6813546031a4b..., userDataDir: C:\Users\anujakho\AppData\L...}, goog:chromeOptions: {debuggerAddress: localhost:57125}, javascriptEnabled: true, networkConnectionEnabled: false, pageLoadStrategy: normal, platform: WINDOWS, platformName: WINDOWS, proxy: Proxy(), setWindowRect: true, strictFileInteractability: false, timeouts: {implicit: 0, pageLoad: 300000, script: 30000}, unhandledPromptBehavior: dismiss and notify, webauthn:virtualAuthenticators: true}
Session ID: 0830b7d164f8ba1ee4a247c8b82553a4
*** Element info: {Using=css selector, value=[id='user_email']}</td></tr>
<tr><td>captureScreen method called</td></tr>
<tr><td><a href='C:\Users\anujakho\Desktop\Gore Automation\GoreB2BAutomation\screenshots\verifyLogin_07_05_2020_11_04_46.png'><img src='C:\Users\anujakho\Desktop\Gore Automation\GoreB2BAutomation\screenshots\verifyLogin_07_05_2020_11_04_46.png'height='100' width='100'/></a></td></tr>
<tr><td>verifyLogin Test Started..</td></tr>
<tr><td>captureScreen method called</td></tr>
<tr><td><a href='C:\Users\anujakho\Desktop\Gore Automation\GoreB2BAutomation\screenshots\blank_07_05_2020_11_04_59.png'><img src='C:\Users\anujakho\Desktop\Gore Automation\GoreB2BAutomation\screenshots\blank_07_05_2020_11_04_59.png'height='100' width='100'/></a></td></tr>
<tr><td>verifyLogin Test Failed..org.openqa.selenium.NoSuchElementException: no such element: Unable to locate element: {"method":"css selector","selector":"[id='user_email']"}
  (Session info: headless chrome=81.0.4044.129)
For documentation on this error, please visit: https://www.seleniumhq.org/exceptions/no_such_element.html
Build info: version: '3.141.59', revision: 'e82be7d358', time: '2018-11-14T08:17:03'
System info: host: 'WKWIN6024718', ip: '192.168.31.244', os.name: 'Windows 10', os.arch: 'amd64', os.version: '10.0', java.version: '1.8.0_171'
Driver info: org.openqa.selenium.chrome.ChromeDriver
Capabilities {acceptInsecureCerts: false, browserName: chrome, browserVersion: 81.0.4044.129, chrome: {chromedriverVersion: 81.0.4044.69 (6813546031a4b..., userDataDir: C:\Users\anujakho\AppData\L...}, goog:chromeOptions: {debuggerAddress: localhost:57125}, javascriptEnabled: true, networkConnectionEnabled: false, pageLoadStrategy: normal, platform: WINDOWS, platformName: WINDOWS, proxy: Proxy(), setWindowRect: true, strictFileInteractability: false, timeouts: {implicit: 0, pageLoad: 300000, script: 30000}, unhandledPromptBehavior: dismiss and notify, webauthn:virtualAuthenticators: true}
Session ID: 0830b7d164f8ba1ee4a247c8b82553a4
*** Element info: {Using=css selector, value=[id='user_email']}</td></tr>
<tr><td>captureScreen method called</td></tr>
<tr><td><a href='C:\Users\anujakho\Desktop\Gore Automation\GoreB2BAutomation\screenshots\verifyLogin_07_05_2020_11_06_53.png'><img src='C:\Users\anujakho\Desktop\Gore Automation\GoreB2BAutomation\screenshots\verifyLogin_07_05_2020_11_06_53.png'height='100' width='100'/></a></td></tr>
<tr><td>Regression Test for Class 1 Test Finished..</td></tr>
<tr><td>Regression Test for Class 3 Class Started..</td></tr>
<tr><td>VerifyTitleHeader Test Started..</td></tr>
<tr><td>captureScreen method called</td></tr>
<tr><td><a href='C:\Users\anujakho\Desktop\Gore Automation\GoreB2BAutomation\screenshots\blank_07_05_2020_11_07_25.png'><img src='C:\Users\anujakho\Desktop\Gore Automation\GoreB2BAutomation\screenshots\blank_07_05_2020_11_07_25.png'height='100' width='100'/></a></td></tr>
<tr><td>VerifyTitleHeader Test Failed..org.openqa.selenium.NoSuchElementException: no such element: Unable to locate element: {"method":"css selector","selector":"[id='user_email']"}
  (Session info: headless chrome=81.0.4044.129)
For documentation on this error, please visit: https://www.seleniumhq.org/exceptions/no_such_element.html
Build info: version: '3.141.59', revision: 'e82be7d358', time: '2018-11-14T08:17:03'
System info: host: 'WKWIN6024718', ip: '192.168.31.244', os.name: 'Windows 10', os.arch: 'amd64', os.version: '10.0', java.version: '1.8.0_171'
Driver info: org.openqa.selenium.chrome.ChromeDriver
Capabilities {acceptInsecureCerts: false, browserName: chrome, browserVersion: 81.0.4044.129, chrome: {chromedriverVersion: 81.0.4044.69 (6813546031a4b..., userDataDir: C:\Users\anujakho\AppData\L...}, goog:chromeOptions: {debuggerAddress: localhost:57309}, javascriptEnabled: true, networkConnectionEnabled: false, pageLoadStrategy: normal, platform: WINDOWS, platformName: WINDOWS, proxy: Proxy(), setWindowRect: true, strictFileInteractability: false, timeouts: {implicit: 0, pageLoad: 300000, script: 30000}, unhandledPromptBehavior: dismiss and notify, webauthn:virtualAuthenticators: true}
Session ID: 700c39e69043df57d96cf517d7e1e33d
*** Element info: {Using=css selector, value=[id='user_email']}</td></tr>
<tr><td>captureScreen method called</td></tr>
<tr><td><a href='C:\Users\anujakho\Desktop\Gore Automation\GoreB2BAutomation\screenshots\VerifyTitleHeader_07_05_2020_11_09_19.png'><img src='C:\Users\anujakho\Desktop\Gore Automation\GoreB2BAutomation\screenshots\VerifyTitleHeader_07_05_2020_11_09_19.png'height='100' width='100'/></a></td></tr>
<tr><td>Regression Test for Class 3 Test Finished..</td></tr>
<tr><td>Regression Test for Class 2 Class Started..</td></tr>
<tr><td>verifyNavBarIsPresent Test Started..</td></tr>
<tr><td>verifyNavBarIsPresent Test Failed..org.openqa.selenium.TimeoutException: timeout: Timed out receiving message from renderer: 9.190
  (Session info: headless chrome=81.0.4044.129)
Build info: version: '3.141.59', revision: 'e82be7d358', time: '2018-11-14T08:17:03'
System info: host: 'WKWIN6024718', ip: '192.168.31.244', os.name: 'Windows 10', os.arch: 'amd64', os.version: '10.0', java.version: '1.8.0_171'
Driver info: org.openqa.selenium.chrome.ChromeDriver
Capabilities {acceptInsecureCerts: false, browserName: chrome, browserVersion: 81.0.4044.129, chrome: {chromedriverVersion: 81.0.4044.69 (6813546031a4b..., userDataDir: C:\Users\anujakho\AppData\L...}, goog:chromeOptions: {debuggerAddress: localhost:57441}, javascriptEnabled: true, networkConnectionEnabled: false, pageLoadStrategy: normal, platform: WINDOWS, platformName: WINDOWS, proxy: Proxy(), setWindowRect: true, strictFileInteractability: false, timeouts: {implicit: 0, pageLoad: 300000, script: 30000}, unhandledPromptBehavior: dismiss and notify, webauthn:virtualAuthenticators: true}
Session ID: 2d68202c93c7fe1e7ee947b13015f10e</td></tr>
<tr><td>captureScreen method called</td></tr>
<tr><td><a href='C:\Users\anujakho\Desktop\Gore Automation\GoreB2BAutomation\screenshots\verifyNavBarIsPresent_07_05_2020_11_09_34.png'><img src='C:\Users\anujakho\Desktop\Gore Automation\GoreB2BAutomation\screenshots\verifyNavBarIsPresent_07_05_2020_11_09_34.png'height='100' width='100'/></a></td></tr>
</table>